<?xml version="1.0" encoding="UTF-8" ?>
<testsuite errors="1" failures="0" hostname="HUANGAM-7W" name="HelloWorldTest" skipped="0" tests="1" time="0.077" timestamp="2018-07-03T02:35:58">
  <properties>
    <property name="java.vendor" value="Oracle Corporation" />
    <property name="ant.file.type.AntDemo" value="file" />
    <property name="sun.java.launcher" value="SUN_STANDARD" />
    <property name="sun.management.compiler" value="HotSpot 64-Bit Tiered Compilers" />
    <property name="os.name" value="Windows 7" />
    <property name="sun.boot.class.path" value="C:\Program Files\Java\jdk1.8.0_40\jre\lib\resources.jar;C:\Program Files\Java\jdk1.8.0_40\jre\lib\rt.jar;C:\Program Files\Java\jdk1.8.0_40\jre\lib\sunrsasign.jar;C:\Program Files\Java\jdk1.8.0_40\jre\lib\jsse.jar;C:\Program Files\Java\jdk1.8.0_40\jre\lib\jce.jar;C:\Program Files\Java\jdk1.8.0_40\jre\lib\charsets.jar;C:\Program Files\Java\jdk1.8.0_40\jre\lib\jfr.jar;C:\Program Files\Java\jdk1.8.0_40\jre\classes" />
    <property name="sun.desktop" value="windows" />
    <property name="java.vm.specification.vendor" value="Oracle Corporation" />
    <property name="ant.home" value="C:\Software\zip\apache-ant-1.9.7-bin" />
    <property name="java.runtime.version" value="1.8.0_40-b25" />
    <property name="user.name" value="HuangAm" />
    <property name="user.language" value="en" />
    <property name="dist.path" value="dist" />
    <property name="sun.boot.library.path" value="C:\Program Files\Java\jdk1.8.0_40\jre\bin" />
    <property name="ant.project.default-target" value="junit" />
    <property name="ant.project.name" value="AntDemo" />
    <property name="java.version" value="1.8.0_40" />
    <property name="user.timezone" value="Asia/Shanghai" />
    <property name="sun.arch.data.model" value="64" />
    <property name="java.endorsed.dirs" value="C:\Program Files\Java\jdk1.8.0_40\jre\lib\endorsed" />
    <property name="sun.cpu.isalist" value="amd64" />
    <property name="sun.jnu.encoding" value="Cp1252" />
    <property name="file.encoding.pkg" value="sun.io" />
    <property name="file.separator" value="\" />
    <property name="java.specification.name" value="Java Platform API Specification" />
    <property name="ant.file.AntDemo" value="C:\WorkSpace\git\build.xml" />
    <property name="report.path" value="report" />
    <property name="java.class.version" value="52.0" />
    <property name="user.country" value="US" />
    <property name="java.home" value="C:\Program Files\Java\jdk1.8.0_40\jre" />
    <property name="java.vm.info" value="mixed mode" />
    <property name="ant.file" value="C:\WorkSpace\git\build.xml" />
    <property name="os.version" value="6.1" />
    <property name="path.separator" value=";" />
    <property name="java.vm.version" value="25.40-b25" />
    <property name="user.variant" value="" />
    <property name="ant.library.dir" value="C:\Software\zip\apache-ant-1.9.7-bin\lib" />
    <property name="java.awt.printerjob" value="sun.awt.windows.WPrinterJob" />
    <property name="sun.io.unicode.encoding" value="UnicodeLittle" />
    <property name="awt.toolkit" value="sun.awt.windows.WToolkit" />
    <property name="sun.stdout.encoding" value="cp437" />
    <property name="user.script" value="" />
    <property name="user.home" value="C:\Users\HuangAm" />
    <property name="java.specification.vendor" value="Oracle Corporation" />
    <property name="java.library.path" value="C:\Program Files\Java\jdk1.8.0_40\jre\bin;C:\WINDOWS\Sun\Java\bin;C:\WINDOWS\system32;C:\WINDOWS;C:\ProgramData\Oracle\Java\javapath;C:\Program Files\avs\bin;C:\Program Files\Java\jdk1.8.0_40\bin;C:\progra~1\sybase\DataAccess\ADONET\dll;C:\progra~1\sybase\DataAccess\ODBC\dll;C:\progra~1\sybase\DataAccess\OLEDB\dll;C:\progra~1\sybase\OCS-15_0\lib3p;C:\progra~1\sybase\OCS-15_0\dll;C:\progra~1\sybase\OCS-15_0\bin;C:\WINDOWS\system32;C:\WINDOWS;C:\WINDOWS\System32\Wbem;C:\WINDOWS\System32\WindowsPowerShell\v1.0\;C:\PROGRA~1\Mercury\PERFOR~1\java\J-INTE~1\com\bin;C:\PROGRA~1\Mercury\PERFOR~1\DbSetup;C:\PROGRA~1\Mercury\PERFOR~1\bin;C:\Program Files (x86)\Enterprise Vault\EVClient\;C:\PROGRA~1\IBM\SQLLIB\BIN;C:\PROGRA~1\IBM\SQLLIB\FUNCTION;C:\PROGRA~1\IBM\SQLLIB\SAMPLES\REPL;C:\Program Files\Perforce;C:\Program Files\Perforce\DVCS\;C:\Program Files (x86)\Microsoft SQL Server\110\Tools\Binn\;C:\Program Files\Microsoft SQL Server\110\Tools\Binn\;C:\Program Files (x86)\Microsoft SQL Server\110\DTS\Binn\;C:\Program Files\Microsoft SQL Server\110\DTS\Binn\;C:\mongodb\bin;C:\Software\curl;C:\Program Files\R\R-3.3.1\bin;C:\Program Files\Java\jdk1.8.0_40\bin;C:\Program Files\Java\jdk1.8.0_40\jre\bin;c:\Program Files (x86)\WebEx\Productivity Tools;JBOSS_HOME%\bin;C:\Program Files\UltraEdit;C:\Program Files\IDM Computer Solutions\UltraFinder;C:\Program Files\IDM Computer Solutions\UltraCompare;C:\Program Files (x86)\Common Files\Hitachi ID\;C:\Program Files\Common Files\Hitachi ID\;C:\Software\zip\apache-ant-1.9.7-bin\bin;C:\Program Files (x86)\WebEx\Productivity Tools;C:\Software\Install\python2.7;C:\Software\apache-maven-3.0.4\bin;C:\Program Files (x86)\Sennheiser\SoftphoneSDK\;C:\Software\Install\domino123;C:\Users\HuangAm\AppData\Local\GitHubDesktop\bin;C:\Software\Install\Git\Git\cmd;." />
    <property name="java.vendor.url" value="http://java.oracle.com/" />
    <property name="java.vm.vendor" value="Oracle Corporation" />
    <property name="java.runtime.name" value="Java(TM) SE Runtime Environment" />
    <property name="sun.java.command" value="org.apache.tools.ant.taskdefs.optional.junit.JUnitTestRunner HelloWorldTest skipNonTests=false filtertrace=true haltOnError=false haltOnFailure=false formatter=org.apache.tools.ant.taskdefs.optional.junit.SummaryJUnitResultFormatter showoutput=false outputtoformatters=true logfailedtests=true threadid=0 logtestlistenerevents=false formatter=org.apache.tools.ant.taskdefs.optional.junit.XMLJUnitResultFormatter,C:\WorkSpace\git\report\TEST-HelloWorldTest.xml crashfile=C:\WorkSpace\git\junitvmwatcher8482186163532412958.properties propsfile=C:\WorkSpace\git\junit4604351123305587108.properties" />
    <property name="java.class.path" value="C:\WorkSpace\git\lib\junit-4.12.jar;C:\WorkSpace\git\build;C:\WorkSpace\git;C:\Program Files\Java\jdk1.8.0_40\lib\dt.jar;C:\Program Files\Java\jdk1.8.0_40\lib\tools.jar;C:\PROGRA~1\IBM\SQLLIB\java\db2java.zip;C:\PROGRA~1\IBM\SQLLIB\java\db2jcc.jar;C:\PROGRA~1\IBM\SQLLIB\java\sqlj.zip;C:\PROGRA~1\IBM\SQLLIB\java\db2jcc_license_cu.jar;C:\PROGRA~1\IBM\SQLLIB\bin;C:\PROGRA~1\IBM\SQLLIB\java\common.jar;C:\Software\zip\apache-ant-1.9.7-bin\lib\ant-launcher.jar;C:\Software\zip\apache-ant-1.9.7-bin\lib\ant.jar;C:\Software\zip\apache-ant-1.9.7-bin\lib\ant-junit.jar;C:\Software\zip\apache-ant-1.9.7-bin\lib\ant-junit4.jar" />
    <property name="src.path" value="src/java" />
    <property name="ant.version" value="Apache Ant(TM) version 1.9.7 compiled on April 9 2016" />
    <property name="java.vm.specification.name" value="Java Virtual Machine Specification" />
    <property name="ant.file.type" value="file" />
    <property name="java.vm.specification.version" value="1.8" />
    <property name="sun.cpu.endian" value="little" />
    <property name="sun.os.patch.level" value="Service Pack 1" />
    <property name="java.io.tmpdir" value="C:\Users\HuangAm\AppData\Local\Temp\" />
    <property name="java.vendor.url.bug" value="http://bugreport.sun.com/bugreport/" />
    <property name="lib.path" value="lib" />
    <property name="os.arch" value="amd64" />
    <property name="java.awt.graphicsenv" value="sun.awt.Win32GraphicsEnvironment" />
    <property name="java.ext.dirs" value="C:\Program Files\Java\jdk1.8.0_40\jre\lib\ext;C:\WINDOWS\Sun\Java\lib\ext" />
    <property name="user.dir" value="C:\WorkSpace\git" />
    <property name="line.separator" value="&#xd;&#xa;" />
    <property name="java.vm.name" value="Java HotSpot(TM) 64-Bit Server VM" />
    <property name="build.path" value="build" />
    <property name="basedir" value="C:\WorkSpace\git" />
    <property name="ant.java.version" value="1.8" />
    <property name="ant.core.lib" value="C:\Software\zip\apache-ant-1.9.7-bin\lib\ant.jar" />
    <property name="test.path" value="src/test" />
    <property name="file.encoding" value="Cp1252" />
    <property name="sun.stderr.encoding" value="cp437" />
    <property name="java.specification.version" value="1.8" />
    <property name="ant.project.invoked-targets" value="junit" />
  </properties>
  <testcase classname="HelloWorldTest" name="initializationError" time="0.008">
    <error message="org/hamcrest/SelfDescribing" type="java.lang.NoClassDefFoundError">java.lang.NoClassDefFoundError: org/hamcrest/SelfDescribing
	at java.lang.ClassLoader.defineClass1(Native Method)
	at java.lang.ClassLoader.defineClass(ClassLoader.java:760)
	at java.security.SecureClassLoader.defineClass(SecureClassLoader.java:142)
	at java.net.URLClassLoader.defineClass(URLClassLoader.java:467)
	at java.net.URLClassLoader.access$100(URLClassLoader.java:73)
	at java.net.URLClassLoader$1.run(URLClassLoader.java:368)
	at java.net.URLClassLoader$1.run(URLClassLoader.java:362)
	at java.security.AccessController.doPrivileged(Native Method)
	at java.net.URLClassLoader.findClass(URLClassLoader.java:361)
	at java.lang.ClassLoader.loadClass(ClassLoader.java:424)
	at sun.misc.Launcher$AppClassLoader.loadClass(Launcher.java:331)
	at java.lang.ClassLoader.loadClass(ClassLoader.java:357)
	at java.lang.reflect.Constructor.newInstance(Constructor.java:422)
Caused by: java.lang.ClassNotFoundException: org.hamcrest.SelfDescribing
	at java.net.URLClassLoader.findClass(URLClassLoader.java:381)
	at java.lang.ClassLoader.loadClass(ClassLoader.java:424)
	at sun.misc.Launcher$AppClassLoader.loadClass(Launcher.java:331)
	at java.lang.ClassLoader.loadClass(ClassLoader.java:357)
</error>
  </testcase>
  <system-out><![CDATA[]]></system-out>
  <system-err><![CDATA[]]></system-err>
</testsuite>
